<?xml version="1.0" encoding="UTF-8" ?>
<rss version="2.0">
  <channel>
    <title>Test Channel</title>
    <link>https://williamhoza.com</link>
    <description>Testing</description>
    <item>
      <title>Test Item 12</title>
      <link>https://williamhoza.com/test12</link>
      <guid>https://williamhoza.com/test12</guid>
      <pubDate>2020-07-15</pubDate>
      <description>
        &lt;img src="https://williamhoza.com/images/mandelbrot-mediumsmall.png" alt="Abraham Lincoln"&gt;
        Testing alt text
      </description>
    </item>
    <item>
      <title>Test Item 11</title>
      <link>https://williamhoza.com/test11</link>
      <guid>https://williamhoza.com/test11</guid>
      <pubDate>2019-03-23</pubDate>
      <description>
        &lt;img src="https://williamhoza.com/images/mandelbrot-mediumsmall.png"&gt;
        Test Paragraph 11.1
        &lt;br&gt;&lt;br&gt;
        Test Paragraph 11.2
        &lt;br&gt;
        Test Newline
        &lt;br&gt;&lt;br&gt;
        Test link: https://williamhoza.com/mandelbrot
        &lt;br&gt;&lt;br&gt;
        Test special character — the em dash
        &lt;br&gt;&lt;br&gt;
        #TestHashtag #TestHashtag2
      </description>
    </item>
    <item>
      <title>Test Item 9</title>
      <link>https://williamhoza.com/test9</link>
      <guid>https://williamhoza.com/test9</guid>
      <pubDate>2019-03-23</pubDate>
      <description>
        &lt;img src="https://williamhoza.com/images/mandelbrot-mediumsmall.png"&gt;
        Test Paragraph 9.1
        \n\n
        Test Paragraph 9.2
        \n\n
        Test link: https://williamhoza.com/mandelbrot
        \n\n
        #TestHashtag #TestHashtag2
      </description>
    </item>
    <item>
      <title>Test Item 10</title>
      <link>https://williamhoza.com/test10</link>
      <guid>https://williamhoza.com/test10</guid>
      <pubDate>2019-03-23</pubDate>
      <description>
        &lt;img src="https://williamhoza.com/images/mandelbrot-mediumsmall.png"&gt;
        Test Paragraph 10.1
        &lt;br&gt;&lt;br&gt;
        Test Paragraph 10.2
        &lt;br&gt;
        Test Newline
        &lt;br&gt;&lt;br&gt;
        Test link: https://williamhoza.com/mandelbrot
        &lt;br&gt;&lt;br&gt;
        Test special character — the em dash
        &lt;br&gt;&lt;br&gt;
        #TestHashtag #TestHashtag2
      </description>
    </item>
    <item>
      <title>Test Item 8</title>
      <link>https://williamhoza.com/test8</link>
      <guid>https://williamhoza.com/test8</guid>
      <pubDate>2019-03-23</pubDate>
      <description>
        &lt;img src="https://williamhoza.com/images/mandelbrot-mediumsmall.png"&gt;
        Test Paragraph 8.1
        &lt;br&gt;&amp;nbsp;&lt;br&gt;
        Test Paragraph 8.2
        &lt;br&gt;
        Test Newline
        &lt;br&gt;&amp;nbsp;&lt;br&gt;
        Test link: https://williamhoza.com/mandelbrot
        &lt;br&gt;&amp;nbsp;&lt;br&gt;
        #TestHashtag #TestHashtag2
      </description>
    </item>
    <item>
      <title>Test Item 7</title>
      <link>https://williamhoza.com/test7</link>
      <guid>https://williamhoza.com/test7</guid>
      <pubDate>2019-03-23</pubDate>
      <description>
        &lt;img src="https://williamhoza.com/images/mandelbrot-mediumsmall.png"&gt;
        Test Paragraph 7.1
        &lt;br&gt;&amp;nbsp;&lt;br&gt;
        Test Paragraph 7.2
        &lt;br&gt;&amp;nbsp;&lt;br&gt;
        Test link: https://williamhoza.com/mandelbrot
      </description>
    </item>
    <item>
      <title>Test Item 6</title>
      <link>https://williamhoza.com/test6</link>
      <guid>https://williamhoza.com/test6</guid>
      <pubDate>2019-03-23</pubDate>
      <description>
        &lt;img src="https://williamhoza.com/images/mandelbrot-mediumsmall.png"&gt;
        Test Paragraph 6.1
        &lt;br&gt;&amp;nbsp;&lt;br&gt;
        Test Paragraph 6.2
        &lt;br&gt;&amp;nbsp;&lt;br&gt;
        Test link: https://williamhoza.com/mandelbrot
      </description>
    </item>
    <item>
      <title>Test Item 5</title>
      <link>https://williamhoza.com/test5</link>
      <guid>https://williamhoza.com/test5</guid>
      <pubDate>2019-03-23</pubDate>
      <description>
        &lt;img src="https://williamhoza.com/images/mandelbrot-mediumsmall.png"&gt;
        Paragraph 1
        &lt;br&gt;
        &lt;br&gt;
        Paragraph 2
      </description>
    </item>
    <item>
      <title>Test Item 4</title>
      <link>https://williamhoza.com/test4</link>
      <guid>https://williamhoza.com/test4</guid>
      <pubDate>2019-03-23</pubDate>
      <description>Test Description 4</description>
    </item>
    <item>
      <title>Test Item 3</title>
      <link>https://williamhoza.com/test3</link>
      <guid>https://williamhoza.com/test3</guid>
      <pubDate>2019-03-23</pubDate>
      <description>Test Description 3 Line 1&lt;br&gt;Line 2</description>
    </item>
    <item>
      <title>Test Item 2</title>
      <link>https://williamhoza.com/test2</link>
      <guid>https://williamhoza.com/test2</guid>
      <pubDate>2019-03-23</pubDate>
      <description>Test Description 2</description>
    </item>
  </channel>
</rss>
