<?xml version="1.0" encoding="UTF-8" ?>
<rss version="2.0">
  <channel>
    <title>Test Channel</title>
    <link>https://williamhoza.com</link>
    <description>Testing</description>
    <item>
      <title>Test Item 6</title>
      <link>https://williamhoza.com/test6</link>
      <guid>https://williamhoza.com/test6</guid>
      <pubDate>2019-03-23</pubDate>
      <description>
        &lt;img src="https://williamhoza.com/images/mandelbrot-mediumsmall.png"&gt;
        Test Paragraph 6.1
        &lt;br&gt;&amp;nbsp;&lt;br&gt;
        Test Paragraph 6.2
        &lt;br&gt;&amp;nbsp;&lt;br&gt;
        Test link: https://williamhoza.com/mandelbrot
      </description>
    </item>
    <item>
      <title>Test Item 5</title>
      <link>https://williamhoza.com/test5</link>
      <guid>https://williamhoza.com/test5</guid>
      <pubDate>2019-03-23</pubDate>
      <description>
        &lt;img src="https://williamhoza.com/images/mandelbrot-mediumsmall.png"&gt;
        Paragraph 1
        &lt;br&gt;
        &lt;br&gt;
        Paragraph 2
      </description>
    </item>
    <item>
      <title>Test Item 4</title>
      <link>https://williamhoza.com/test4</link>
      <guid>https://williamhoza.com/test4</guid>
      <pubDate>2019-03-23</pubDate>
      <description>Test Description 4</description>
    </item>
    <item>
      <title>Test Item 3</title>
      <link>https://williamhoza.com/test3</link>
      <guid>https://williamhoza.com/test3</guid>
      <pubDate>2019-03-23</pubDate>
      <description>Test Description 3 Line 1&lt;br&gt;Line 2</description>
    </item>
    <item>
      <title>Test Item 2</title>
      <link>https://williamhoza.com/test2</link>
      <guid>https://williamhoza.com/test2</guid>
      <pubDate>2019-03-23</pubDate>
      <description>Test Description 2</description>
    </item>
    <item>
      <title>Test Item 1</title>
      <link>https://williamhoza.com/test1</link>
      <guid>https://williamhoza.com/test1</guid>
      <pubDate>2019-03-23</pubDate>
      <description>Test Description 1</description>
    </item>
  </channel>
</rss>
